<?xml version="1.0" encoding="UTF-8"?>
<testsuites name="jest tests" tests="36" failures="0" errors="0" time="19.169">
  <testsuite name="End-to-End Live Recommendation API" errors="0" failures="0" skipped="35" timestamp="2025-06-29T05:53:23" time="18.973" tests="36">
    <testcase classname="End-to-End Live Recommendation API POST /recommendations - Classic Food &amp; Wine Pairings should recommend Cabernet Sauvignon or Malbec for grilled steak" name="End-to-End Live Recommendation API POST /recommendations - Classic Food &amp; Wine Pairings should recommend Cabernet Sauvignon or Malbec for grilled steak" time="17.034">
    </testcase>
    <testcase classname="End-to-End Live Recommendation API POST /recommendations - Classic Food &amp; Wine Pairings should recommend Pinot Grigio or Sauvignon Blanc for grilled fish" name="End-to-End Live Recommendation API POST /recommendations - Classic Food &amp; Wine Pairings should recommend Pinot Grigio or Sauvignon Blanc for grilled fish" time="0">
      <skipped/>
    </testcase>
    <testcase classname="End-to-End Live Recommendation API POST /recommendations - Classic Food &amp; Wine Pairings should recommend Pinot Noir or light red for roasted chicken" name="End-to-End Live Recommendation API POST /recommendations - Classic Food &amp; Wine Pairings should recommend Pinot Noir or light red for roasted chicken" time="0">
      <skipped/>
    </testcase>
    <testcase classname="End-to-End Live Recommendation API POST /recommendations - Classic Food &amp; Wine Pairings should recommend Champagne or Prosecco for oysters" name="End-to-End Live Recommendation API POST /recommendations - Classic Food &amp; Wine Pairings should recommend Champagne or Prosecco for oysters" time="0">
      <skipped/>
    </testcase>
    <testcase classname="End-to-End Live Recommendation API POST /recommendations - Pasta &amp; Italian Food Pairings should recommend Chianti or Sangiovese for tomato-based pasta" name="End-to-End Live Recommendation API POST /recommendations - Pasta &amp; Italian Food Pairings should recommend Chianti or Sangiovese for tomato-based pasta" time="0">
      <skipped/>
    </testcase>
    <testcase classname="End-to-End Live Recommendation API POST /recommendations - Pasta &amp; Italian Food Pairings should recommend Pinot Grigio or Vermentino for seafood pasta" name="End-to-End Live Recommendation API POST /recommendations - Pasta &amp; Italian Food Pairings should recommend Pinot Grigio or Vermentino for seafood pasta" time="0">
      <skipped/>
    </testcase>
    <testcase classname="End-to-End Live Recommendation API POST /recommendations - Cheese &amp; Charcuterie Pairings should recommend Port or Cabernet for aged cheddar" name="End-to-End Live Recommendation API POST /recommendations - Cheese &amp; Charcuterie Pairings should recommend Port or Cabernet for aged cheddar" time="0">
      <skipped/>
    </testcase>
    <testcase classname="End-to-End Live Recommendation API POST /recommendations - Cheese &amp; Charcuterie Pairings should recommend Sauvignon Blanc or Loire Valley for goat cheese" name="End-to-End Live Recommendation API POST /recommendations - Cheese &amp; Charcuterie Pairings should recommend Sauvignon Blanc or Loire Valley for goat cheese" time="0">
      <skipped/>
    </testcase>
    <testcase classname="End-to-End Live Recommendation API POST /recommendations - Dessert Pairings should recommend Moscato or Riesling for fruit desserts" name="End-to-End Live Recommendation API POST /recommendations - Dessert Pairings should recommend Moscato or Riesling for fruit desserts" time="0">
      <skipped/>
    </testcase>
    <testcase classname="End-to-End Live Recommendation API POST /recommendations - Dessert Pairings should recommend Port or Madeira for chocolate desserts" name="End-to-End Live Recommendation API POST /recommendations - Dessert Pairings should recommend Port or Madeira for chocolate desserts" time="0">
      <skipped/>
    </testcase>
    <testcase classname="End-to-End Live Recommendation API POST /recommendations - Spicy &amp; Ethnic Cuisine Pairings should recommend Riesling or Gewürztraminer for spicy Thai food" name="End-to-End Live Recommendation API POST /recommendations - Spicy &amp; Ethnic Cuisine Pairings should recommend Riesling or Gewürztraminer for spicy Thai food" time="0">
      <skipped/>
    </testcase>
    <testcase classname="End-to-End Live Recommendation API POST /recommendations - Spicy &amp; Ethnic Cuisine Pairings should recommend Tempranillo or Rioja for Spanish paella" name="End-to-End Live Recommendation API POST /recommendations - Spicy &amp; Ethnic Cuisine Pairings should recommend Tempranillo or Rioja for Spanish paella" time="0">
      <skipped/>
    </testcase>
    <testcase classname="End-to-End Live Recommendation API POST /recommendations - Validation and Error Cases should return 400 for missing userId" name="End-to-End Live Recommendation API POST /recommendations - Validation and Error Cases should return 400 for missing userId" time="0">
      <skipped/>
    </testcase>
    <testcase classname="End-to-End Live Recommendation API POST /recommendations - Validation and Error Cases should return 400 for missing input object" name="End-to-End Live Recommendation API POST /recommendations - Validation and Error Cases should return 400 for missing input object" time="0">
      <skipped/>
    </testcase>
    <testcase classname="End-to-End Live Recommendation API POST /recommendations - Validation and Error Cases should return 400 for empty message" name="End-to-End Live Recommendation API POST /recommendations - Validation and Error Cases should return 400 for empty message" time="0">
      <skipped/>
    </testcase>
    <testcase classname="End-to-End Live Recommendation API POST /recommendations - Validation and Error Cases should return 400 for null or undefined message" name="End-to-End Live Recommendation API POST /recommendations - Validation and Error Cases should return 400 for null or undefined message" time="0">
      <skipped/>
    </testcase>
    <testcase classname="End-to-End Live Recommendation API POST /recommendations - Edge Cases and Challenging Requests should handle vague requests gracefully" name="End-to-End Live Recommendation API POST /recommendations - Edge Cases and Challenging Requests should handle vague requests gracefully" time="0">
      <skipped/>
    </testcase>
    <testcase classname="End-to-End Live Recommendation API POST /recommendations - Edge Cases and Challenging Requests should handle conflicting preferences intelligently" name="End-to-End Live Recommendation API POST /recommendations - Edge Cases and Challenging Requests should handle conflicting preferences intelligently" time="0">
      <skipped/>
    </testcase>
    <testcase classname="End-to-End Live Recommendation API POST /recommendations - Edge Cases and Challenging Requests should provide response for unusual food combinations" name="End-to-End Live Recommendation API POST /recommendations - Edge Cases and Challenging Requests should provide response for unusual food combinations" time="0">
      <skipped/>
    </testcase>
    <testcase classname="End-to-End Live Recommendation API POST /recommendations - Edge Cases and Challenging Requests should handle budget constraints appropriately" name="End-to-End Live Recommendation API POST /recommendations - Edge Cases and Challenging Requests should handle budget constraints appropriately" time="0">
      <skipped/>
    </testcase>
    <testcase classname="End-to-End Live Recommendation API POST /recommendations - Edge Cases and Challenging Requests should handle dietary restrictions and preferences" name="End-to-End Live Recommendation API POST /recommendations - Edge Cases and Challenging Requests should handle dietary restrictions and preferences" time="0">
      <skipped/>
    </testcase>
    <testcase classname="End-to-End Live Recommendation API POST /recommendations - Edge Cases and Challenging Requests should respond appropriately to impossible wine requests" name="End-to-End Live Recommendation API POST /recommendations - Edge Cases and Challenging Requests should respond appropriately to impossible wine requests" time="0">
      <skipped/>
    </testcase>
    <testcase classname="End-to-End Live Recommendation API POST /recommendations - Edge Cases and Challenging Requests should handle occasion-based requests" name="End-to-End Live Recommendation API POST /recommendations - Edge Cases and Challenging Requests should handle occasion-based requests" time="0">
      <skipped/>
    </testcase>
    <testcase classname="End-to-End Live Recommendation API POST /recommendations - Edge Cases and Challenging Requests should handle regional cuisine expertise requests" name="End-to-End Live Recommendation API POST /recommendations - Edge Cases and Challenging Requests should handle regional cuisine expertise requests" time="0">
      <skipped/>
    </testcase>
    <testcase classname="End-to-End Live Recommendation API POST /recommendations - Wine Style and Varietal Specific Tests should recommend appropriate wine for barbecue ribs" name="End-to-End Live Recommendation API POST /recommendations - Wine Style and Varietal Specific Tests should recommend appropriate wine for barbecue ribs" time="0">
      <skipped/>
    </testcase>
    <testcase classname="End-to-End Live Recommendation API POST /recommendations - Wine Style and Varietal Specific Tests should recommend rosé for summer salads" name="End-to-End Live Recommendation API POST /recommendations - Wine Style and Varietal Specific Tests should recommend rosé for summer salads" time="0">
      <skipped/>
    </testcase>
    <testcase classname="End-to-End Live Recommendation API POST /recommendations - Australian Wine Pairings should recommend Australian Shiraz for kangaroo or game meat" name="End-to-End Live Recommendation API POST /recommendations - Australian Wine Pairings should recommend Australian Shiraz for kangaroo or game meat" time="0">
      <skipped/>
    </testcase>
    <testcase classname="End-to-End Live Recommendation API POST /recommendations - Australian Wine Pairings should recommend Australian Riesling for Asian fusion cuisine" name="End-to-End Live Recommendation API POST /recommendations - Australian Wine Pairings should recommend Australian Riesling for Asian fusion cuisine" time="0">
      <skipped/>
    </testcase>
    <testcase classname="End-to-End Live Recommendation API POST /recommendations - Australian Wine Pairings should recommend Australian Chardonnay for seafood" name="End-to-End Live Recommendation API POST /recommendations - Australian Wine Pairings should recommend Australian Chardonnay for seafood" time="0">
      <skipped/>
    </testcase>
    <testcase classname="End-to-End Live Recommendation API POST /recommendations - Australian Wine Pairings should recommend Australian Pinot Noir for duck or poultry" name="End-to-End Live Recommendation API POST /recommendations - Australian Wine Pairings should recommend Australian Pinot Noir for duck or poultry" time="0">
      <skipped/>
    </testcase>
    <testcase classname="End-to-End Live Recommendation API POST /recommendations - Australian Wine Pairings should recommend Australian Grenache for Mediterranean-style dishes" name="End-to-End Live Recommendation API POST /recommendations - Australian Wine Pairings should recommend Australian Grenache for Mediterranean-style dishes" time="0">
      <skipped/>
    </testcase>
    <testcase classname="End-to-End Live Recommendation API POST /recommendations - Australian Wine Pairings should recommend Australian Semillon for lighter dishes" name="End-to-End Live Recommendation API POST /recommendations - Australian Wine Pairings should recommend Australian Semillon for lighter dishes" time="0">
      <skipped/>
    </testcase>
    <testcase classname="End-to-End Live Recommendation API POST /recommendations - Australian Wine Pairings should recommend Australian Cabernet Sauvignon for red meat" name="End-to-End Live Recommendation API POST /recommendations - Australian Wine Pairings should recommend Australian Cabernet Sauvignon for red meat" time="0">
      <skipped/>
    </testcase>
    <testcase classname="End-to-End Live Recommendation API POST /recommendations - Australian Wine Pairings should recommend Australian sparkling wine for celebrations" name="End-to-End Live Recommendation API POST /recommendations - Australian Wine Pairings should recommend Australian sparkling wine for celebrations" time="0">
      <skipped/>
    </testcase>
    <testcase classname="End-to-End Live Recommendation API POST /recommendations - Australian Wine Pairings should recommend cool-climate Australian wines for delicate dishes" name="End-to-End Live Recommendation API POST /recommendations - Australian Wine Pairings should recommend cool-climate Australian wines for delicate dishes" time="0">
      <skipped/>
    </testcase>
    <testcase classname="End-to-End Live Recommendation API POST /recommendations - Australian Wine Pairings should recommend fortified Australian wines for rich desserts" name="End-to-End Live Recommendation API POST /recommendations - Australian Wine Pairings should recommend fortified Australian wines for rich desserts" time="0">
      <skipped/>
    </testcase>
  </testsuite>
</testsuites>