<?xml version="1.0" encoding="UTF-8"?>
<testsuites name="jest tests" tests="10" failures="10" errors="0" time="3.012">
  <testsuite name="AdminUserPreferenceRoutes" errors="0" failures="10" skipped="0" timestamp="2025-07-13T07:58:59" time="2.833" tests="10">
    <testcase classname="AdminUserPreferenceRoutes GET /admin/preferences should return 200 with all user preferences" name="AdminUserPreferenceRoutes GET /admin/preferences should return 200 with all user preferences" time="0.034">
      <failure>Error: expect(received).toEqual(expected) // deep equality

Expected: [{&quot;preferences&quot;: [{&quot;type&quot;: &quot;wineType&quot;, &quot;value&quot;: &quot;Red&quot;}], &quot;userId&quot;: &quot;user1&quot;}, {&quot;preferences&quot;: [{&quot;type&quot;: &quot;sweetness&quot;, &quot;value&quot;: &quot;Dry&quot;}], &quot;userId&quot;: &quot;user2&quot;}]
Received: {}
    at Object.&lt;anonymous&gt; (/home/geoff/src/roo/wine-recommender/backend/api/__tests__/integration/AdminUserPreferenceRoutes.test.ts:77:29)
    at processTicksAndRejections (node:internal/process/task_queues:95:5)</failure>
    </testcase>
    <testcase classname="AdminUserPreferenceRoutes GET /admin/preferences should return 500 if an error occurs" name="AdminUserPreferenceRoutes GET /admin/preferences should return 500 if an error occurs" time="0.005">
      <failure>Error: expect(received).toBe(expected) // Object.is equality

Expected: 500
Received: 200
    at Object.&lt;anonymous&gt; (/home/geoff/src/roo/wine-recommender/backend/api/__tests__/integration/AdminUserPreferenceRoutes.test.ts:86:31)
    at processTicksAndRejections (node:internal/process/task_queues:95:5)</failure>
    </testcase>
    <testcase classname="AdminUserPreferenceRoutes GET /admin/preferences/:userId should return 200 with preferences for a specific user" name="AdminUserPreferenceRoutes GET /admin/preferences/:userId should return 200 with preferences for a specific user" time="0.006">
      <failure>Error: expect(received).toEqual(expected) // deep equality

Expected: [{&quot;type&quot;: &quot;wineType&quot;, &quot;value&quot;: &quot;Red&quot;}]
Received: {}
    at Object.&lt;anonymous&gt; (/home/geoff/src/roo/wine-recommender/backend/api/__tests__/integration/AdminUserPreferenceRoutes.test.ts:99:29)
    at processTicksAndRejections (node:internal/process/task_queues:95:5)</failure>
    </testcase>
    <testcase classname="AdminUserPreferenceRoutes GET /admin/preferences/:userId should return 500 if an error occurs" name="AdminUserPreferenceRoutes GET /admin/preferences/:userId should return 500 if an error occurs" time="0.004">
      <failure>Error: expect(received).toBe(expected) // Object.is equality

Expected: 500
Received: 200
    at Object.&lt;anonymous&gt; (/home/geoff/src/roo/wine-recommender/backend/api/__tests__/integration/AdminUserPreferenceRoutes.test.ts:109:31)
    at processTicksAndRejections (node:internal/process/task_queues:95:5)</failure>
    </testcase>
    <testcase classname="AdminUserPreferenceRoutes PUT /admin/preferences/:userId should return 200 on successful update of user preferences" name="AdminUserPreferenceRoutes PUT /admin/preferences/:userId should return 200 on successful update of user preferences" time="0.013">
      <failure>Error: expect(jest.fn()).toHaveBeenCalledWith(...expected)

Expected: &quot;testUser123&quot;, [{&quot;active&quot;: true, &quot;source&quot;: &quot;test&quot;, &quot;timestamp&quot;: 1752393542241, &quot;type&quot;: &quot;sweetness&quot;, &quot;value&quot;: &quot;Dry&quot;}]

Number of calls: 0
    at Object.&lt;anonymous&gt; (/home/geoff/src/roo/wine-recommender/backend/api/__tests__/integration/AdminUserPreferenceRoutes.test.ts:126:68)
    at processTicksAndRejections (node:internal/process/task_queues:95:5)</failure>
    </testcase>
    <testcase classname="AdminUserPreferenceRoutes PUT /admin/preferences/:userId should return 500 if an error occurs" name="AdminUserPreferenceRoutes PUT /admin/preferences/:userId should return 500 if an error occurs" time="0.008">
      <failure>Error: expect(received).toBe(expected) // Object.is equality

Expected: 500
Received: 200
    at Object.&lt;anonymous&gt; (/home/geoff/src/roo/wine-recommender/backend/api/__tests__/integration/AdminUserPreferenceRoutes.test.ts:139:31)
    at processTicksAndRejections (node:internal/process/task_queues:95:5)</failure>
    </testcase>
    <testcase classname="AdminUserPreferenceRoutes DELETE /admin/preferences/:userId should return 200 on successful deletion of a specific preference" name="AdminUserPreferenceRoutes DELETE /admin/preferences/:userId should return 200 on successful deletion of a specific preference" time="0.005">
      <failure>Error: expect(jest.fn()).toHaveBeenCalledWith(...expected)

Expected: &quot;testUser123&quot;, &quot;wineType&quot;, &quot;red&quot;

Number of calls: 0
    at Object.&lt;anonymous&gt; (/home/geoff/src/roo/wine-recommender/backend/api/__tests__/integration/AdminUserPreferenceRoutes.test.ts:159:58)
    at processTicksAndRejections (node:internal/process/task_queues:95:5)</failure>
    </testcase>
    <testcase classname="AdminUserPreferenceRoutes DELETE /admin/preferences/:userId should return 200 on successful deletion of all preferences for a user" name="AdminUserPreferenceRoutes DELETE /admin/preferences/:userId should return 200 on successful deletion of all preferences for a user" time="0.005">
      <failure>Error: expect(jest.fn()).toHaveBeenCalledWith(...expected)

Expected: &quot;testUser123&quot;

Number of calls: 0
    at Object.&lt;anonymous&gt; (/home/geoff/src/roo/wine-recommender/backend/api/__tests__/integration/AdminUserPreferenceRoutes.test.ts:173:69)
    at processTicksAndRejections (node:internal/process/task_queues:95:5)</failure>
    </testcase>
    <testcase classname="AdminUserPreferenceRoutes DELETE /admin/preferences/:userId should return 500 if an error occurs during specific preference deletion" name="AdminUserPreferenceRoutes DELETE /admin/preferences/:userId should return 500 if an error occurs during specific preference deletion" time="0.006">
      <failure>Error: expect(received).toBe(expected) // Object.is equality

Expected: 500
Received: 200
    at Object.&lt;anonymous&gt; (/home/geoff/src/roo/wine-recommender/backend/api/__tests__/integration/AdminUserPreferenceRoutes.test.ts:189:31)
    at processTicksAndRejections (node:internal/process/task_queues:95:5)</failure>
    </testcase>
    <testcase classname="AdminUserPreferenceRoutes DELETE /admin/preferences/:userId should return 500 if an error occurs during all preferences deletion" name="AdminUserPreferenceRoutes DELETE /admin/preferences/:userId should return 500 if an error occurs during all preferences deletion" time="0.005">
      <failure>Error: expect(received).toBe(expected) // Object.is equality

Expected: 500
Received: 200
    at Object.&lt;anonymous&gt; (/home/geoff/src/roo/wine-recommender/backend/api/__tests__/integration/AdminUserPreferenceRoutes.test.ts:203:31)
    at processTicksAndRejections (node:internal/process/task_queues:95:5)</failure>
    </testcase>
  </testsuite>
</testsuites>